# JRE version: OpenJDK Runtime Environment (8.0_202-b03) (build 1.8.0_202-release-1483-b03)
# Java VM: OpenJDK 64-Bit Server VM (25.202-b03 mixed mode windows-amd64 compressed oops)
Heap:
 PSYoungGen      total 340992K, used 78297K [0x00000000e0000000, 0x00000000f7700000, 0x0000000100000000)
  eden space 299008K, 26% used [0x00000000e0000000,0x00000000e4c76500,0x00000000f2400000)
  from space 41984K, 0% used [0x00000000f2400000,0x00000000f2400000,0x00000000f4d00000)
  to   space 42496K, 0% used [0x00000000f4d80000,0x00000000f4d80000,0x00000000f7700000)
 ParOldGen       total 192512K, used 72714K [0x00000000a0000000, 0x00000000abc00000, 0x00000000e0000000)
  object space 192512K, 37% used [0x00000000a0000000,0x00000000a4702b50,0x00000000abc00000)
 Metaspace       used 88753K, capacity 93864K, committed 96216K, reserved 1132544K
  class space    used 11385K, capacity 12330K, committed 12800K, reserved 1048576K
GC Heap History (10 events):
Event: 7713.054 GC heap before
{Heap before GC invocations=23 (full 3):
 PSYoungGen      total 261120K, used 254546K [0x00000000e0000000, 0x00000000f5600000, 0x0000000100000000)
  eden space 220672K, 100% used [0x00000000e0000000,0x00000000ed780000,0x00000000ed780000)
  from space 40448K, 83% used [0x00000000ed780000,0x00000000ef8949d0,0x00000000eff00000)
  to   space 43520K, 0% used [0x00000000f2b80000,0x00000000f2b80000,0x00000000f5600000)
 ParOldGen       total 192512K, used 80235K [0x00000000a0000000, 0x00000000abc00000, 0x00000000e0000000)
  object space 192512K, 41% used [0x00000000a0000000,0x00000000a4e5ac98,0x00000000abc00000)
 Metaspace       used 82703K, capacity 87564K, committed 87768K, reserved 1126400K
  class space    used 10745K, capacity 11705K, committed 11776K, reserved 1048576K
Event: 7713.201 GC heap after
Heap after GC invocations=23 (full 3):
 PSYoungGen      total 290304K, used 16799K [0x00000000e0000000, 0x00000000f4c80000, 0x0000000100000000)
  eden space 256512K, 0% used [0x00000000e0000000,0x00000000e0000000,0x00000000efa80000)
  from space 33792K, 49% used [0x00000000f2b80000,0x00000000f3be7f30,0x00000000f4c80000)
  to   space 41984K, 0% used [0x00000000efa80000,0x00000000efa80000,0x00000000f2380000)
 ParOldGen       total 192512K, used 80243K [0x00000000a0000000, 0x00000000abc00000, 0x00000000e0000000)
  object space 192512K, 41% used [0x00000000a0000000,0x00000000a4e5cc98,0x00000000abc00000)
 Metaspace       used 82703K, capacity 87564K, committed 87768K, reserved 1126400K
  class space    used 10745K, capacity 11705K, committed 11776K, reserved 1048576K
}
Event: 7717.076 GC heap before
{Heap before GC invocations=24 (full 3):
 PSYoungGen      total 290304K, used 273311K [0x00000000e0000000, 0x00000000f4c80000, 0x0000000100000000)
  eden space 256512K, 100% used [0x00000000e0000000,0x00000000efa80000,0x00000000efa80000)
  from space 33792K, 49% used [0x00000000f2b80000,0x00000000f3be7f30,0x00000000f4c80000)
  to   space 41984K, 0% used [0x00000000efa80000,0x00000000efa80000,0x00000000f2380000)
 ParOldGen       total 192512K, used 80243K [0x00000000a0000000, 0x00000000abc00000, 0x00000000e0000000)
  object space 192512K, 41% used [0x00000000a0000000,0x00000000a4e5cc98,0x00000000abc00000)
 Metaspace       used 83482K, capacity 88744K, committed 88920K, reserved 1126400K
  class space    used 10823K, capacity 11839K, committed 11904K, reserved 1048576K
Event: 7717.194 GC heap after
Heap after GC invocations=24 (full 3):
 PSYoungGen      total 298496K, used 29257K [0x00000000e0000000, 0x00000000f7f00000, 0x0000000100000000)
  eden space 256512K, 0% used [0x00000000e0000000,0x00000000e0000000,0x00000000efa80000)
  from space 41984K, 69% used [0x00000000efa80000,0x00000000f1712468,0x00000000f2380000)
  to   space 43008K, 0% used [0x00000000f5500000,0x00000000f5500000,0x00000000f7f00000)
 ParOldGen       total 192512K, used 80251K [0x00000000a0000000, 0x00000000abc00000, 0x00000000e0000000)
  object space 192512K, 41% used [0x00000000a0000000,0x00000000a4e5ec98,0x00000000abc00000)
 Metaspace       used 83482K, capacity 88744K, committed 88920K, reserved 1126400K
  class space    used 10823K, capacity 11839K, committed 11904K, reserved 1048576K
}
Event: 7939.129 GC heap before
{Heap before GC invocations=25 (full 3):
 PSYoungGen      total 298496K, used 285769K [0x00000000e0000000, 0x00000000f7f00000, 0x0000000100000000)
  eden space 256512K, 100% used [0x00000000e0000000,0x00000000efa80000,0x00000000efa80000)
  from space 41984K, 69% used [0x00000000efa80000,0x00000000f1712468,0x00000000f2380000)
  to   space 43008K, 0% used [0x00000000f5500000,0x00000000f5500000,0x00000000f7f00000)
 ParOldGen       total 192512K, used 80251K [0x00000000a0000000, 0x00000000abc00000, 0x00000000e0000000)
  object space 192512K, 41% used [0x00000000a0000000,0x00000000a4e5ec98,0x00000000abc00000)
 Metaspace       used 86054K, capacity 92024K, committed 92248K, reserved 1128448K
  class space    used 11140K, capacity 12303K, committed 12416K, reserved 1048576K
Event: 7939.183 GC heap after
Heap after GC invocations=25 (full 3):
 PSYoungGen      total 332800K, used 24348K [0x00000000e0000000, 0x00000000f7600000, 0x0000000100000000)
  eden space 299008K, 0% used [0x00000000e0000000,0x00000000e0000000,0x00000000f2400000)
  from space 33792K, 72% used [0x00000000f5500000,0x00000000f6cc7330,0x00000000f7600000)
  to   space 41984K, 0% used [0x00000000f2400000,0x00000000f2400000,0x00000000f4d00000)
 ParOldGen       total 192512K, used 85427K [0x00000000a0000000, 0x00000000abc00000, 0x00000000e0000000)
  object space 192512K, 44% used [0x00000000a0000000,0x00000000a536cdb8,0x00000000abc00000)
 Metaspace       used 86054K, capacity 92024K, committed 92248K, reserved 1128448K
  class space    used 11140K, capacity 12303K, committed 12416K, reserved 1048576K
}
Event: 7949.719 GC heap before
{Heap before GC invocations=26 (full 3):
 PSYoungGen      total 332800K, used 279087K [0x00000000e0000000, 0x00000000f7600000, 0x0000000100000000)
  eden space 299008K, 85% used [0x00000000e0000000,0x00000000ef8c4bd0,0x00000000f2400000)
  from space 33792K, 72% used [0x00000000f5500000,0x00000000f6cc7330,0x00000000f7600000)
  to   space 41984K, 0% used [0x00000000f2400000,0x00000000f2400000,0x00000000f4d00000)
 ParOldGen       total 192512K, used 85427K [0x00000000a0000000, 0x00000000abc00000, 0x00000000e0000000)
  object space 192512K, 44% used [0x00000000a0000000,0x00000000a536cdb8,0x00000000abc00000)
 Metaspace       used 89962K, capacity 95908K, committed 96216K, reserved 1132544K
  class space    used 11602K, capacity 12730K, committed 12800K, reserved 1048576K
Event: 7949.761 GC heap after
Heap after GC invocations=26 (full 3):
 PSYoungGen      total 340992K, used 27652K [0x00000000e0000000, 0x00000000f7700000, 0x0000000100000000)
  eden space 299008K, 0% used [0x00000000e0000000,0x00000000e0000000,0x00000000f2400000)
  from space 41984K, 65% used [0x00000000f2400000,0x00000000f3f01338,0x00000000f4d00000)
  to   space 42496K, 0% used [0x00000000f4d80000,0x00000000f4d80000,0x00000000f7700000)
 ParOldGen       total 192512K, used 85435K [0x00000000a0000000, 0x00000000abc00000, 0x00000000e0000000)
  object space 192512K, 44% used [0x00000000a0000000,0x00000000a536edb8,0x00000000abc00000)
 Metaspace       used 89962K, capacity 95908K, committed 96216K, reserved 1132544K
  class space    used 11602K, capacity 12730K, committed 12800K, reserved 1048576K
}
Event: 7949.761 GC heap before
{Heap before GC invocations=27 (full 4):
 PSYoungGen      total 340992K, used 27652K [0x00000000e0000000, 0x00000000f7700000, 0x0000000100000000)
  eden space 299008K, 0% used [0x00000000e0000000,0x00000000e0000000,0x00000000f2400000)
  from space 41984K, 65% used [0x00000000f2400000,0x00000000f3f01338,0x00000000f4d00000)
  to   space 42496K, 0% used [0x00000000f4d80000,0x00000000f4d80000,0x00000000f7700000)
 ParOldGen       total 192512K, used 85435K [0x00000000a0000000, 0x00000000abc00000, 0x00000000e0000000)
  object space 192512K, 44% used [0x00000000a0000000,0x00000000a536edb8,0x00000000abc00000)
 Metaspace       used 89962K, capacity 95908K, committed 96216K, reserved 1132544K
  class space    used 11602K, capacity 12730K, committed 12800K, reserved 1048576K
Event: 7950.395 GC heap after
Heap after GC invocations=27 (full 4):
 PSYoungGen      total 340992K, used 0K [0x00000000e0000000, 0x00000000f7700000, 0x0000000100000000)
  eden space 299008K, 0% used [0x00000000e0000000,0x00000000e0000000,0x00000000f2400000)
  from space 41984K, 0% used [0x00000000f2400000,0x00000000f2400000,0x00000000f4d00000)
  to   space 42496K, 0% used [0x00000000f4d80000,0x00000000f4d80000,0x00000000f7700000)
 ParOldGen       total 192512K, used 72714K [0x00000000a0000000, 0x00000000abc00000, 0x00000000e0000000)
  object space 192512K, 37% used [0x00000000a0000000,0x00000000a4702b50,0x00000000abc00000)
 Metaspace       used 87755K, capacity 92730K, committed 96216K, reserved 1132544K
  class space    used 11268K, capacity 12175K, committed 12800K, reserved 1048576K
}

